{"content": {"suites": {"0": {"status": {"total_pass": 6, "total_skip": 0, "total_xpass": 0, "total_xfail": 0, "total_rerun": 0, "total_fail": 0, "total_error": 0}, "tests": {"0": {"status": "PASS", "message": "", "test_name": "test_crawler_backend_lifecycle", "rerun": "0"}, "1": {"status": "PASS", "message": "", "test_name": "test_crawler_backend_error_handling", "rerun": "0"}, "2": {"status": "PASS", "message": "", "test_name": "test_backend_selector_registration", "rerun": "0"}, "3": {"status": "PASS", "message": "", "test_name": "test_backend_selector_selection", "rerun": "0"}, "4": {"status": "PASS", "message": "", "test_name": "test_backend_selector_advanced_selection", "rerun": "0"}, "5": {"status": "PASS", "message": "", "test_name": "test_mock_crawler_backend_edge_cases", "rerun": "0"}}, "suite_name": "tests/test_base.py"}, "1": {"suite_name": "tests/test_integration.py", "tests": {"0": {"status": "FAIL", "message": "   AssertionError: Expected 0 failed crawls, got 7\n   assert 7 == 0\n    +  where 7 = CrawlStats(start_time=datetime.datetime(2025, 5, 12, 6, 27, 15, 405594, tzinfo=datetime.timezone.utc), end_time=dateti...ls=10, failed_crawls=7, total_time=6.019564, average_time_per_page=0.6019564, quality_issues=9, bytes_processed=453984).failed_crawls\n    +    where CrawlStats(start_time=datetime.datetime(2025, 5, 12, 6, 27, 15, 405594, tzinfo=datetime.timezone.utc), end_time=dateti...ls=10, failed_crawls=7, total_time=6.019564, average_time_per_page=0.6019564, quality_issues=9, bytes_processed=453984) = CrawlResult(target=CrawlTarget(url='file:///tmp/pytest-of-alex/pytest-86/test_full_site_crawl0/test_docs/index.html', ...\\n      the Export Administration Regulations.\\n    '}]}], errors=[], title='PyPI Package and Documentation Storage')}).stats\n", "test_name": "test_full_site_crawl", "rerun": "0"}, "1": {"status": "PASS", "message": "", "test_name": "test_content_processing_pipeline", "rerun": "0"}, "2": {"status": "PASS", "message": "", "test_name": "test_quality_checks", "rerun": "0"}, "3": {"status": "FAIL", "message": "   AssertionError: Should have crawled all 4 pages\n   assert 2 == 4\n    +  where 2 = len([{'assets': {'images': ['https://docs.python.org/3/_static/py.svg'], 'media': [], 'scripts': [], 'stylesheets': ['http..._tables': False, 'title': 'Index \u2014 Python 3.13.3 documentation'}, 'title': 'Index \u2014 Python 3.13.3 documentation', ...}])\n    +    where [{'assets': {'images': ['https://docs.python.org/3/_static/py.svg'], 'media': [], 'scripts': [], 'stylesheets': ['http..._tables': False, 'title': 'Index \u2014 Python 3.13.3 documentation'}, 'title': 'Index \u2014 Python 3.13.3 documentation', ...}] = CrawlResult(target=CrawlTarget(url='file:///tmp/pytest-of-alex/pytest-86/test_document_organization0/test_docs/index.h...org/'}, {'type': 'text_inline', 'content': ' 8.2.3.\\n    '}], errors=[], title='Index \u2014 Python 3.13.3 documentation')}).documents\n", "test_name": "test_document_organization", "rerun": "0"}, "4": {"status": "PASS", "message": "", "test_name": "test_search_functionality", "rerun": "0"}}, "status": {"total_pass": 3, "total_skip": 0, "total_xpass": 0, "total_xfail": 0, "total_rerun": 0, "total_fail": 2, "total_error": 0}}}}, "date": "May 12, 2025", "start_time": 1747031251.7061553, "total_suite": 2, "status": "FAIL", "status_list": {"pass": "9", "fail": "2", "skip": "0", "error": "0", "xpass": "0", "xfail": "0", "rerun": "0"}, "total_tests": "11"}