{"content": {"suites": {"0": {"status": {"total_pass": 0, "total_skip": 0, "total_xpass": 0, "total_xfail": 0, "total_rerun": 0, "total_fail": 2, "total_error": 0}, "tests": {"0": {"status": "FAIL", "message": "   AssertionError: assert None == ''\n", "test_name": "test_domain_parsing", "rerun": "0"}, "1": {"status": "FAIL", "message": "   AssertionError: assert False\n    +  where False = URLInfo(raw='http://www.EXAMPLE.com/to/resource?a=1&b=2#fragment', normalized='http://www.EXAMPLE.com/to/resource?a=1&...gment', status='invalid (Internal TypeError: normalize_url() got an unexpected keyword argument 'had_trailing_slash')').is_valid\n", "test_name": "test_backward_compatibility", "rerun": "0"}}, "suite_name": "tests/test_url_info_enhanced.py"}}}, "date": "May 05, 2025", "start_time": 1746445659.1343997, "total_suite": 1, "status": "FAIL", "status_list": {"pass": "0", "fail": "2", "skip": "0", "error": "0", "xpass": "0", "xfail": "0", "rerun": "0"}, "total_tests": "2"}