{"content": {"suites": {"0": {"status": {"total_pass": 8, "total_skip": 0, "total_xpass": 0, "total_xfail": 0, "total_rerun": 0, "total_fail": 1, "total_error": 0}, "tests": {"0": {"status": "PASS", "message": "", "test_name": "test_crawler_backend_lifecycle", "rerun": "0"}, "1": {"status": "PASS", "message": "", "test_name": "test_crawler_backend_error_handling", "rerun": "0"}, "2": {"status": "PASS", "message": "", "test_name": "test_backend_selector_registration", "rerun": "0"}, "3": {"status": "PASS", "message": "", "test_name": "test_backend_selector_selection", "rerun": "0"}, "4": {"status": "PASS", "message": "", "test_name": "test_url_normalization", "rerun": "0"}, "5": {"status": "PASS", "message": "", "test_name": "test_processed_content_validation", "rerun": "0"}, "6": {"status": "PASS", "message": "", "test_name": "test_concurrent_backend_operations", "rerun": "0"}, "7": {"status": "PASS", "message": "", "test_name": "test_backend_metrics_update", "rerun": "0"}, "8": {"status": "FAIL", "message": "   Failed: DID NOT RAISE <class 'ValueError'>\n", "test_name": "test_backend_selector_error_handling", "rerun": "0"}}, "suite_name": "tests/test_base.py"}, "1": {"suite_name": "tests/test_crawler.py", "tests": {"0": {"status": "PASS", "message": "", "test_name": "test_crawler_initialization", "rerun": "0"}, "1": {"status": "PASS", "message": "", "test_name": "test_url_filtering", "rerun": "0"}, "2": {"status": "FAIL", "message": "   assert None is not None\n", "test_name": "test_single_url_processing", "rerun": "0"}, "3": {"status": "PASS", "message": "", "test_name": "test_depth_limited_crawling", "rerun": "0"}, "4": {"status": "FAIL", "message": "   assert False\n    +  where False = all(<generator object test_concurrent_processing.<locals>.<genexpr> at 0x1047e8040>)\n", "test_name": "test_concurrent_processing", "rerun": "0"}, "5": {"status": "PASS", "message": "", "test_name": "test_rate_limiting", "rerun": "0"}, "6": {"status": "PASS", "message": "", "test_name": "test_error_handling", "rerun": "0"}, "7": {"status": "FAIL", "message": "   AssertionError: assert 0 == 1\n    +  where 0 = CrawlStats(start_time=datetime.datetime(2024, 11, 25, 17, 30, 9, 287567), end_time=datetime.datetime(2024, 11, 25, 17,...awls=1, total_time=0.10032987594604492, average_time_per_page=0.10032987594604492, quality_issues=5, bytes_processed=0).successful_crawls\n    +    where CrawlStats(start_time=datetime.datetime(2024, 11, 25, 17, 30, 9, 287567), end_time=datetime.datetime(2024, 11, 25, 17,...awls=1, total_time=0.10032987594604492, average_time_per_page=0.10032987594604492, quality_issues=5, bytes_processed=0) = CrawlResult(target=CrawlTarget(url='https://example.com/doc1', depth=1, follow_external=False, content_types=['text/ht..., average_time_per_page=0.10032987594604492, quality_issues=5, bytes_processed=0), documents=[], issues=[], metrics={}).stats\n", "test_name": "test_content_processing_pipeline", "rerun": "0"}, "8": {"status": "FAIL", "message": "   AttributeError: 'DocumentationCrawler' object has no attribute 'client_session'\n", "test_name": "test_cleanup", "rerun": "0"}, "9": {"status": "PASS", "message": "", "test_name": "test_max_pages_limit", "rerun": "0"}, "10": {"status": "PASS", "message": "", "test_name": "test_statistics_tracking", "rerun": "0"}}, "status": {"total_pass": 7, "total_skip": 0, "total_xpass": 0, "total_xfail": 0, "total_rerun": 0, "total_fail": 4, "total_error": 0}}, "2": {"suite_name": "tests/test_integration.py", "tests": {"0": {"status": "FAIL", "message": "   AssertionError: assert 0 > 0\n    +  where 0 = CrawlStats(start_time=datetime.datetime(2024, 11, 25, 17, 30, 10, 800459), end_time=datetime.datetime(2024, 11, 25, 17...d_crawls=1, total_time=3.002598762512207, average_time_per_page=3.002598762512207, quality_issues=0, bytes_processed=0).successful_crawls\n    +    where CrawlStats(start_time=datetime.datetime(2024, 11, 25, 17, 30, 10, 800459), end_time=datetime.datetime(2024, 11, 25, 17...d_crawls=1, total_time=3.002598762512207, average_time_per_page=3.002598762512207, quality_issues=0, bytes_processed=0) = CrawlResult(target=CrawlTarget(url='file:///private/var/folders/c6/0glsj2qj54s2pr7y8ncq92l40000gn/T/pytest-of-alex/pyt...07, average_time_per_page=3.002598762512207, quality_issues=0, bytes_processed=0), documents=[], issues=[], metrics={}).stats\n", "test_name": "test_full_site_crawl", "rerun": "0"}, "1": {"status": "FAIL", "message": "   AssertionError: assert 0 == 1\n    +  where 0 = len([])\n    +    where [] = CrawlResult(target=CrawlTarget(url='file:///private/var/folders/c6/0glsj2qj54s2pr7y8ncq92l40000gn/T/pytest-of-alex/pyt...53, average_time_per_page=3.002751111984253, quality_issues=0, bytes_processed=0), documents=[], issues=[], metrics={}).documents\n", "test_name": "test_content_processing_pipeline", "rerun": "0"}, "2": {"status": "FAIL", "message": "   AssertionError: assert 0 > 0\n    +  where 0 = len({})\n    +    where {} = CrawlResult(target=CrawlTarget(url='file:///private/var/folders/c6/0glsj2qj54s2pr7y8ncq92l40000gn/T/pytest-of-alex/pyt...7, average_time_per_page=3.0026800632476807, quality_issues=0, bytes_processed=0), documents=[], issues=[], metrics={}).metrics\n", "test_name": "test_quality_checks", "rerun": "0"}, "3": {"status": "PASS", "message": "", "test_name": "test_document_organization", "rerun": "0"}, "4": {"status": "FAIL", "message": "   assert 0 > 0\n    +  where 0 = len([])\n", "test_name": "test_search_functionality", "rerun": "0"}, "5": {"status": "FAIL", "message": "   AssertionError: assert 0 > 0\n    +  where 0 = CrawlStats(start_time=datetime.datetime(2024, 11, 25, 17, 30, 25, 862248), end_time=datetime.datetime(2024, 11, 25, 17...crawls=1, total_time=3.0024521350860596, average_time_per_page=3.0024521350860596, quality_issues=0, bytes_processed=0).successful_crawls\n    +    where CrawlStats(start_time=datetime.datetime(2024, 11, 25, 17, 30, 25, 862248), end_time=datetime.datetime(2024, 11, 25, 17...crawls=1, total_time=3.0024521350860596, average_time_per_page=3.0024521350860596, quality_issues=0, bytes_processed=0) = CrawlResult(target=CrawlTarget(url='file:///private/var/folders/c6/0glsj2qj54s2pr7y8ncq92l40000gn/T/pytest-of-alex/pyt...6, average_time_per_page=3.0024521350860596, quality_issues=0, bytes_processed=0), documents=[], issues=[], metrics={}).stats\n", "test_name": "test_error_handling_and_recovery", "rerun": "0"}}, "status": {"total_pass": 1, "total_skip": 0, "total_xpass": 0, "total_xfail": 0, "total_rerun": 0, "total_fail": 5, "total_error": 0}}, "3": {"suite_name": "tests/test_organizer.py", "tests": {"0": {"status": "PASS", "message": "", "test_name": "test_document_organizer_initialization", "rerun": "0"}, "1": {"status": "FAIL", "message": "       AttributeError: 'DocumentOrganizer' object has no attribute '_determine_category'\n", "test_name": "test_document_version_management", "rerun": "0"}, "2": {"status": "FAIL", "message": "       AttributeError: 'DocumentOrganizer' object has no attribute '_determine_category'\n", "test_name": "test_document_categorization", "rerun": "0"}, "3": {"status": "FAIL", "message": "       AttributeError: 'DocumentOrganizer' object has no attribute '_determine_category'\n", "test_name": "test_reference_extraction", "rerun": "0"}, "4": {"status": "FAIL", "message": "       AttributeError: 'DocumentOrganizer' object has no attribute '_determine_category'\n", "test_name": "test_search_functionality", "rerun": "0"}, "5": {"status": "FAIL", "message": "       AttributeError: 'DocumentOrganizer' object has no attribute '_determine_category'\n", "test_name": "test_collection_management", "rerun": "0"}, "6": {"status": "FAIL", "message": "       AttributeError: 'DocumentOrganizer' object has no attribute '_determine_category'\n", "test_name": "test_document_similarity", "rerun": "0"}, "7": {"status": "FAIL", "message": "       AttributeError: 'DocumentOrganizer' object has no attribute '_determine_category'\n", "test_name": "test_version_tracking", "rerun": "0"}, "8": {"status": "FAIL", "message": "       AttributeError: 'DocumentOrganizer' object has no attribute '_determine_category'\n", "test_name": "test_search_index_generation", "rerun": "0"}}, "status": {"total_pass": 1, "total_skip": 0, "total_xpass": 0, "total_xfail": 0, "total_rerun": 0, "total_fail": 8, "total_error": 0}}, "4": {"suite_name": "tests/test_processor.py", "tests": {"0": {"status": "PASS", "message": "", "test_name": "test_content_processor_initialization", "rerun": "0"}, "1": {"status": "PASS", "message": "", "test_name": "test_processing_rule_validation", "rerun": "0"}, "2": {"status": "PASS", "message": "", "test_name": "test_clean_text_processing", "rerun": "0"}, "3": {"status": "FAIL", "message": "   AssertionError: assert 'text' == 'javascript'\n     \n     - javascript\n     + text\n", "test_name": "test_code_language_detection", "rerun": "0"}, "4": {"status": "PASS", "message": "", "test_name": "test_code_block_processing", "rerun": "0"}, "5": {"status": "PASS", "message": "", "test_name": "test_link_processing", "rerun": "0"}, "6": {"status": "PASS", "message": "", "test_name": "test_metadata_extraction", "rerun": "0"}, "7": {"status": "PASS", "message": "", "test_name": "test_asset_collection", "rerun": "0"}, "8": {"status": "FAIL", "message": "   AssertionError: assert 'Processing Error' == 'Sample Document'\n     \n     - Sample Document\n     + Processing Error\n", "test_name": "test_full_content_processing", "rerun": "0"}, "9": {"status": "PASS", "message": "", "test_name": "test_content_size_limits", "rerun": "0"}, "10": {"status": "FAIL", "message": "   assert {}\n    +  where {} = ProcessedContent(url='https://example.com', title='Processing Error', content={}, metadata={'error': \"'ContentProcesso...has no attribute '_extract_title'\"}, assets={}, errors=[\"'ContentProcessor' object has no attribute '_extract_title'\"]).content\n", "test_name": "test_malformed_html_handling", "rerun": "0"}, "11": {"status": "PASS", "message": "", "test_name": "test_special_content_handling", "rerun": "0"}, "12": {"status": "FAIL", "message": "   assert 0 == 2\n    +  where 0 = len([])\n", "test_name": "test_content_structure_preservation", "rerun": "0"}}, "status": {"total_pass": 9, "total_skip": 0, "total_xpass": 0, "total_xfail": 0, "total_rerun": 0, "total_fail": 4, "total_error": 0}}, "5": {"suite_name": "tests/test_quality.py", "tests": {"0": {"status": "PASS", "message": "", "test_name": "test_quality_checker_initialization", "rerun": "0"}, "1": {"status": "PASS", "message": "", "test_name": "test_content_length_check", "rerun": "0"}, "2": {"status": "PASS", "message": "", "test_name": "test_heading_structure_check", "rerun": "0"}, "3": {"status": "PASS", "message": "", "test_name": "test_link_validation", "rerun": "0"}, "4": {"status": "PASS", "message": "", "test_name": "test_metadata_check", "rerun": "0"}, "5": {"status": "PASS", "message": "", "test_name": "test_code_block_validation", "rerun": "0"}, "6": {"status": "PASS", "message": "", "test_name": "test_quality_metrics_calculation", "rerun": "0"}, "7": {"status": "PASS", "message": "", "test_name": "test_full_quality_check", "rerun": "0"}, "8": {"status": "PASS", "message": "", "test_name": "test_quality_checker_cleanup", "rerun": "0"}}, "status": {"total_pass": 9, "total_skip": 0, "total_xpass": 0, "total_xfail": 0, "total_rerun": 0, "total_fail": 0, "total_error": 0}}}}, "date": "November 25, 2024", "start_time": 1732555830.524866, "total_suite": 6, "status": "FAIL", "status_list": {"pass": "35", "fail": "22", "skip": "0", "error": "0", "xpass": "0", "xfail": "0", "rerun": "0"}, "total_tests": "57"}