{"content": {"suites": {"0": {"status": {"total_pass": 24, "total_skip": 0, "total_xpass": 0, "total_xfail": 0, "total_rerun": 0, "total_fail": 20, "total_error": 0}, "tests": {"0": {"status": "FAIL", "message": "   AssertionError: assert False is True\n    +  where False = URLInfo(raw='http://example.com', normalized='http://example.com', status='invalid (Unexpected normalization error: AttributeError: 'URLInfo' object has no attribute '_normalize_url_relaxed')').is_valid\n", "test_name": "test_valid_url_initialization[http://example.com-http://example.com/]", "rerun": "0"}, "1": {"status": "FAIL", "message": "   AssertionError: assert False is True\n    +  where False = URLInfo(raw='https://www.example.co.uk/path?a=1', normalized='https://www.example.co.uk/path?a=1', status='invalid (Unexpected normalization error: AttributeError: 'URLInfo' object has no attribute '_normalize_url_relaxed')').is_valid\n", "test_name": "test_valid_url_initialization[https://www.example.co.uk/path?a=1-https://www.example.co.uk/path?a=1]", "rerun": "0"}, "2": {"status": "FAIL", "message": "   AssertionError: assert False is True\n    +  where False = URLInfo(raw='http://EXAMPLE.com:80/./path/../other/', normalized='http://EXAMPLE.com:80/./path/../other/', status='invalid (Directory traversal attempt)').is_valid\n", "test_name": "test_valid_url_initialization[http://EXAMPLE.com:80/./path/../other/-http://example.com/other/]", "rerun": "0"}, "3": {"status": "FAIL", "message": "   AssertionError: assert False is True\n    +  where False = URLInfo(raw='https://xn--mnchen-3ya.de/path', normalized='https://xn--mnchen-3ya.de/path', status='invalid (Unexpected normalization error: AttributeError: 'URLInfo' object has no attribute '_normalize_url_relaxed')').is_valid\n", "test_name": "test_valid_url_initialization[https://xn--mnchen-3ya.de/path-https://xn--mnchen-3ya.de/path]", "rerun": "0"}, "4": {"status": "FAIL", "message": "   AssertionError: assert False is True\n    +  where False = URLInfo(raw='http://localhost:8080', normalized='http://localhost:8080', status='invalid (Unexpected normalization error: AttributeError: 'URLInfo' object has no attribute '_normalize_url_relaxed')').is_valid\n", "test_name": "test_valid_url_initialization[http://localhost:8080-http://localhost:8080/]", "rerun": "0"}, "5": {"status": "FAIL", "message": "   AssertionError: assert False is True\n    +  where False = URLInfo(raw='http://127.0.0.1/test', normalized='http://127.0.0.1/test', status='invalid (Private/loopback IP)').is_valid\n", "test_name": "test_valid_url_initialization[http://127.0.0.1/test-http://127.0.0.1/test]", "rerun": "0"}, "6": {"status": "FAIL", "message": "   AssertionError: assert False is True\n    +  where False = URLInfo(raw='file:///path/to/file.txt', normalized='file:///path/to/file.txt', status='invalid (Unexpected normalization error: AttributeError: 'URLInfo' object has no attribute '_normalize_url_relaxed')').is_valid\n", "test_name": "test_valid_url_initialization[file:///path/to/file.txt-file:///path/to/file.txt]", "rerun": "0"}, "7": {"status": "PASS", "message": "", "test_name": "test_invalid_url_initialization[javascript:alert(1)-Invalid scheme]", "rerun": "0"}, "8": {"status": "PASS", "message": "", "test_name": "test_invalid_url_initialization[ftp://user:pass@example.com-Auth info not allowed]", "rerun": "0"}, "9": {"status": "PASS", "message": "", "test_name": "test_invalid_url_initialization[http://<invalid>.com-Invalid label chars]", "rerun": "0"}, "10": {"status": "FAIL", "message": "   assert 'Invalid port' in \"Unexpected normalization error: AttributeError: 'URLInfo' object has no attribute '_normalize_url_relaxed'\"\n    +  where \"Unexpected normalization error: AttributeError: 'URLInfo' object has no attribute '_normalize_url_relaxed'\" = URLInfo(raw='http://example.com:99999', normalized='http://example.com:99999', status='invalid (Unexpected normalization error: AttributeError: 'URLInfo' object has no attribute '_normalize_url_relaxed')').error_message\n", "test_name": "test_invalid_url_initialization[http://example.com:99999-Invalid port]", "rerun": "0"}, "11": {"status": "PASS", "message": "", "test_name": "test_invalid_url_initialization[http://example.com/../../etc/passwd-Directory traversal attempt]", "rerun": "0"}, "12": {"status": "PASS", "message": "", "test_name": "test_invalid_url_initialization[http://example.com/?q=<script>-XSS pattern]", "rerun": "0"}, "13": {"status": "PASS", "message": "", "test_name": "test_invalid_url_initialization[http://192.168.1.1-Private/loopback IP]", "rerun": "0"}, "14": {"status": "PASS", "message": "", "test_name": "test_invalid_url_initialization[-URL cannot be None or empty]", "rerun": "0"}, "15": {"status": "PASS", "message": "", "test_name": "test_invalid_url_initialization[None-URL cannot be None or empty]", "rerun": "0"}, "16": {"status": "PASS", "message": "", "test_name": "test_invalid_url_initialization[http://example.com/path%00.txt-Null byte in path]", "rerun": "0"}, "17": {"status": "FAIL", "message": "   AssertionError: assert False is True\n    +  where False = URLInfo(raw='page2.html', normalized='http://example.com/docs/page2.html', status='invalid (Unexpected normalization error: AttributeError: 'URLInfo' object has no attribute '_normalize_url_relaxed')').is_valid\n", "test_name": "test_relative_url_resolution[page2.html-http://example.com/docs/page1.html-http://example.com/docs/page2.html]", "rerun": "0"}, "18": {"status": "FAIL", "message": "   AssertionError: assert False is True\n    +  where False = URLInfo(raw='../index.html', normalized='http://example.com/index.html', status='invalid (Unexpected normalization error: AttributeError: 'URLInfo' object has no attribute '_normalize_url_relaxed')').is_valid\n", "test_name": "test_relative_url_resolution[../index.html-http://example.com/docs/page1.html-http://example.com/index.html]", "rerun": "0"}, "19": {"status": "FAIL", "message": "   AssertionError: assert False is True\n    +  where False = URLInfo(raw='/images/logo.png', normalized='http://example.com/images/logo.png', status='invalid (Unexpected normalization error: AttributeError: 'URLInfo' object has no attribute '_normalize_url_relaxed')').is_valid\n", "test_name": "test_relative_url_resolution[/images/logo.png-http://example.com/docs/page1.html-http://example.com/images/logo.png]", "rerun": "0"}, "20": {"status": "FAIL", "message": "   AssertionError: assert False is True\n    +  where False = URLInfo(raw='//other.com/path', normalized='https://other.com/path', status='invalid (Unexpected normalization error: AttributeError: 'URLInfo' object has no attribute '_normalize_url_relaxed')').is_valid\n", "test_name": "test_relative_url_resolution[//other.com/path-https://example.com/docs/-https://other.com/path]", "rerun": "0"}, "21": {"status": "FAIL", "message": "   AssertionError: assert False is True\n    +  where False = URLInfo(raw='?query=new', normalized='http://example.com/page?query=new', status='invalid (Unexpected normalization error: AttributeError: 'URLInfo' object has no attribute '_normalize_url_relaxed')').is_valid\n", "test_name": "test_relative_url_resolution[?query=new-http://example.com/page?a=1-http://example.com/page?query=new]", "rerun": "0"}, "22": {"status": "FAIL", "message": "   AssertionError: assert False is True\n    +  where False = URLInfo(raw='#fragment', normalized='http://example.com/page#fragment', status='invalid (Unexpected normalization error: AttributeError: 'URLInfo' object has no attribute '_normalize_url_relaxed')').is_valid\n", "test_name": "test_relative_url_resolution[#fragment-http://example.com/page-http://example.com/page]", "rerun": "0"}, "23": {"status": "FAIL", "message": "   assert 'Auth info not allowed' in \"Unexpected normalization error: AttributeError: 'URLInfo' object has no attribute '_normalize_url_relaxed'\"\n    +  where \"Unexpected normalization error: AttributeError: 'URLInfo' object has no attribute '_normalize_url_relaxed'\" = URLInfo(raw='https://user:pass@www.example.co.uk:8443/path/to/page?a=1&b=two#section', normalized='https://user:pass@w...'invalid (Unexpected normalization error: AttributeError: 'URLInfo' object has no attribute '_normalize_url_relaxed')').error_message\n", "test_name": "test_url_properties", "rerun": "0"}, "24": {"status": "PASS", "message": "", "test_name": "test_tldextract_properties[https://www.example.co.uk/path-www-example-co.uk-example.co.uk]", "rerun": "0"}, "25": {"status": "PASS", "message": "", "test_name": "test_tldextract_properties[http://blog.example.com-blog-example-com-example.com]", "rerun": "0"}, "26": {"status": "PASS", "message": "", "test_name": "test_tldextract_properties[https://justadomain.com--justadomain-com-justadomain.com]", "rerun": "0"}, "27": {"status": "PASS", "message": "", "test_name": "test_tldextract_properties[http://xn--mnchen-3ya.de--xn--mnchen-3ya-de-xn--mnchen-3ya.de]", "rerun": "0"}, "28": {"status": "PASS", "message": "", "test_name": "test_tldextract_properties[http://localhost:8080--localhost--localhost]", "rerun": "0"}, "29": {"status": "PASS", "message": "", "test_name": "test_tldextract_properties[http://127.0.0.1--127.0.0.1--127.0.0.1]", "rerun": "0"}, "30": {"status": "PASS", "message": "", "test_name": "test_tldextract_fallback", "rerun": "0"}, "31": {"status": "PASS", "message": "", "test_name": "test_url_type_determination[https://example.com/path-https://example.com/base-URLType.INTERNAL]", "rerun": "0"}, "32": {"status": "PASS", "message": "", "test_name": "test_url_type_determination[/relative/path-https://example.com/base-URLType.INTERNAL]", "rerun": "0"}, "33": {"status": "PASS", "message": "", "test_name": "test_url_type_determination[https://www.example.com/path-https://example.com/base-URLType.INTERNAL]", "rerun": "0"}, "34": {"status": "PASS", "message": "", "test_name": "test_url_type_determination[http://example.com/path-https://example.com/base-URLType.EXTERNAL]", "rerun": "0"}, "35": {"status": "PASS", "message": "", "test_name": "test_url_type_determination[https://other.com/path-https://example.com/base-URLType.EXTERNAL]", "rerun": "0"}, "36": {"status": "PASS", "message": "", "test_name": "test_url_type_determination[page.html-https://example.com/base/-URLType.INTERNAL]", "rerun": "0"}, "37": {"status": "PASS", "message": "", "test_name": "test_url_type_determination[https://example.com:443/path-https://example.com/base-URLType.INTERNAL]", "rerun": "0"}, "38": {"status": "PASS", "message": "", "test_name": "test_url_type_determination[https://example.com:8443/path-https://example.com/base-URLType.INTERNAL]", "rerun": "0"}, "39": {"status": "FAIL", "message": "   AssertionError: assert False\n    +  where False = URLInfo(raw='http://example.com/path/', normalized='http://example.com/path/', status='invalid (Unexpected normalization error: AttributeError: 'URLInfo' object has no attribute '_normalize_url_relaxed')').is_valid\n", "test_name": "test_url_equality_and_hash", "rerun": "0"}, "40": {"status": "FAIL", "message": "   AssertionError: assert False\n    +  where False = URLInfo(raw='http://example.com', normalized='http://example.com', status='invalid (Unexpected normalization error: AttributeError: 'URLInfo' object has no attribute '_normalize_url_relaxed')').is_valid\n", "test_name": "test_immutability", "rerun": "0"}, "41": {"status": "FAIL", "message": "   AssertionError: assert False\n    +  where False = URLInfo(raw='https://example.com/path?a=1#section', normalized='https://example.com/path?a=1#section', status='invalid (Unexpected normalization error: AttributeError: 'URLInfo' object has no attribute '_normalize_url_relaxed')').is_valid\n", "test_name": "test_fragment_removal", "rerun": "0"}, "42": {"status": "FAIL", "message": "   AssertionError: assert False\n    +  where False = URLInfo(raw='http://example.com/aaaaaaaaaaaaaaaaaaaaaaaaaaaaaaaaaaaaaaaaaaaaaaaaaaaaaaaaaaaaaaaaaaaaaaaaaaaaaaaaaaaaaa...'invalid (Unexpected normalization error: AttributeError: 'URLInfo' object has no attribute '_normalize_url_relaxed')').is_valid\n", "test_name": "test_long_url_edge_case", "rerun": "0"}, "43": {"status": "FAIL", "message": "       AssertionError: assert False\n        +  where False = URLInfo(raw='http://example0.com/path/to/page?param=0', normalized='http://example0.com/path/to/page?param=0', status='invalid (Unexpected normalization error: AttributeError: 'URLInfo' object has no attribute '_normalize_url_relaxed')').is_valid\n", "test_name": "test_url_info_performance", "rerun": "0"}}, "suite_name": "tests/url/test_info.py"}}}, "date": "April 23, 2025", "start_time": 1745405844.216397, "total_suite": 1, "status": "FAIL", "status_list": {"pass": "24", "fail": "20", "skip": "0", "error": "0", "xpass": "0", "xfail": "0", "rerun": "0"}, "total_tests": "44"}