{"content": {"suites": {"0": {"status": {"total_pass": 0, "total_skip": 0, "total_xpass": 0, "total_xfail": 0, "total_rerun": 0, "total_fail": 7, "total_error": 0}, "tests": {"0": {"status": "FAIL", "message": "   assert 'Invalid port' in \"Initialization failed: UnboundLocalError: cannot access local variable 'validation_passed' where it is not associated with a value\"\n    +  where \"Initialization failed: UnboundLocalError: cannot access local variable 'validation_passed' where it is not associated with a value\" = URLInfo(raw='http://example.com:99999', normalized='http://example.com:99999', status='invalid (Initialization failed: UnboundLocalError: cannot access local variable 'validation_passed' where it is not associated with a value)').error_message\n", "test_name": "test_invalid_url_initialization[http://example.com:99999-Invalid port]", "rerun": "0"}, "1": {"status": "FAIL", "message": "   AssertionError: assert False is True\n    +  where False = URLInfo(raw='file:///path/to/file.txt', normalized='file:///path/to/file.txt', status='invalid (Initialization failed: UnboundLocalError: cannot access local variable 'validation_passed' where it is not associated with a value)').is_valid\n", "test_name": "test_valid_url_initialization[file:///path/to/file.txt-file:///path/to/file.txt]", "rerun": "0"}, "2": {"status": "FAIL", "message": "   assert 'Auth info not allowed' in \"Initialization failed: UnboundLocalError: cannot access local variable 'validation_passed' where it is not associated with a value\"\n    +  where \"Initialization failed: UnboundLocalError: cannot access local variable 'validation_passed' where it is not associated with a value\" = URLInfo(raw='ftp://user:pass@example.com', normalized='ftp://user:pass@example.com', status='invalid (Initialization failed: UnboundLocalError: cannot access local variable 'validation_passed' where it is not associated with a value)').error_message\n", "test_name": "test_invalid_url_initialization[ftp://user:pass@example.com-Auth info not allowed]", "rerun": "0"}, "3": {"status": "FAIL", "message": "   assert 'Directory traversal attempt' in \"Initialization failed: NameError: name 'parsed_scheme_lower' is not defined\"\n    +  where \"Initialization failed: NameError: name 'parsed_scheme_lower' is not defined\" = URLInfo(raw='http://example.com/../../etc/passwd', normalized='http://example.com/../../etc/passwd', status='invalid (Initialization failed: NameError: name 'parsed_scheme_lower' is not defined)').error_message\n", "test_name": "test_invalid_url_initialization[http://example.com/../../etc/passwd-Directory traversal attempt]", "rerun": "0"}, "4": {"status": "FAIL", "message": "   assert 'XSS pattern' in \"Initialization failed: NameError: name 'parsed_scheme_lower' is not defined\"\n    +  where \"Initialization failed: NameError: name 'parsed_scheme_lower' is not defined\" = URLInfo(raw='http://example.com/?q=<script>', normalized='http://example.com/?q=<script>', status='invalid (Initialization failed: NameError: name 'parsed_scheme_lower' is not defined)').error_message\n", "test_name": "test_invalid_url_initialization[http://example.com/?q=<script>-XSS pattern]", "rerun": "0"}, "5": {"status": "FAIL", "message": "   assert 'Private/loopback IP' in \"Initialization failed: UnboundLocalError: cannot access local variable 'validation_passed' where it is not associated with a value\"\n    +  where \"Initialization failed: UnboundLocalError: cannot access local variable 'validation_passed' where it is not associated with a value\" = URLInfo(raw='http://192.168.1.1', normalized='http://192.168.1.1', status='invalid (Initialization failed: UnboundLocalError: cannot access local variable 'validation_passed' where it is not associated with a value)').error_message\n", "test_name": "test_invalid_url_initialization[http://192.168.1.1-Private/loopback IP]", "rerun": "0"}, "6": {"status": "FAIL", "message": "   assert 'Null byte in path' in \"Initialization failed: NameError: name 'parsed_scheme_lower' is not defined\"\n    +  where \"Initialization failed: NameError: name 'parsed_scheme_lower' is not defined\" = URLInfo(raw='http://example.com/path%00.txt', normalized='http://example.com/path%00.txt', status='invalid (Initialization failed: NameError: name 'parsed_scheme_lower' is not defined)').error_message\n", "test_name": "test_invalid_url_initialization[http://example.com/path%00.txt-Null byte in path]", "rerun": "0"}}, "suite_name": "tests/url/test_info.py"}, "1": {"suite_name": "tests/url/test_validation.py", "tests": {"0": {"status": "FAIL", "message": "   AssertionError: assert 'JavaScript scheme' in 'XSS pattern'\n", "test_name": "test_validate_security_patterns", "rerun": "0"}}, "status": {"total_pass": 0, "total_skip": 0, "total_xpass": 0, "total_xfail": 0, "total_rerun": 0, "total_fail": 1, "total_error": 0}}, "2": {"suite_name": "tests/url/test_info.py", "tests": {"0": {"status": "FAIL", "message": "   assert 'Invalid label chars' in \"Initialization failed: UnboundLocalError: cannot access local variable 'validation_passed' where it is not associated with a value\"\n    +  where \"Initialization failed: UnboundLocalError: cannot access local variable 'validation_passed' where it is not associated with a value\" = URLInfo(raw='http://<invalid>.com', normalized='http://<invalid>.com', status='invalid (Initialization failed: UnboundLocalError: cannot access local variable 'validation_passed' where it is not associated with a value)').error_message\n", "test_name": "test_invalid_url_initialization[http://<invalid>.com-Invalid label chars]", "rerun": "0"}}, "status": {"total_pass": 0, "total_skip": 0, "total_xpass": 0, "total_xfail": 0, "total_rerun": 0, "total_fail": 1, "total_error": 0}}}}, "date": "April 16, 2025", "start_time": 1744807503.7246833, "total_suite": 3, "status": "FAIL", "status_list": {"pass": "0", "fail": "9", "skip": "0", "error": "0", "xpass": "0", "xfail": "0", "rerun": "0"}, "total_tests": "9"}