{"content": {"suites": {"0": {"status": {"total_pass": 23, "total_skip": 0, "total_xpass": 0, "total_xfail": 0, "total_rerun": 0, "total_fail": 31, "total_error": 0}, "tests": {"0": {"status": "FAIL", "message": "   AssertionError: URL 'http://example.com' failed validation unexpectedly: Path decode error during security check: type object 'URLSecurityConfig' has no attribute 'INVALID_PATH_CHARS'\n   assert False is True\n    +  where False = URLInfo(raw='http://example.com', normalized='http://example.com', status='invalid (Path decode error during security check: type object 'URLSecurityConfig' has no attribute 'INVALID_PATH_CHARS')').is_valid\n", "test_name": "test_valid_url_initialization[http://example.com-http://example.com/]", "rerun": "0"}, "1": {"status": "FAIL", "message": "   AssertionError: URL 'https://www.example.co.uk/path?a=1' failed validation unexpectedly: Path decode error during security check: type object 'URLSecurityConfig' has no attribute 'INVALID_PATH_CHARS'\n   assert False is True\n    +  where False = URLInfo(raw='https://www.example.co.uk/path?a=1', normalized='https://www.example.co.uk/path?a=1', status='invalid (Path decode error during security check: type object 'URLSecurityConfig' has no attribute 'INVALID_PATH_CHARS')').is_valid\n", "test_name": "test_valid_url_initialization[https://www.example.co.uk/path?a=1-https://www.example.co.uk/path?a=1]", "rerun": "0"}, "2": {"status": "FAIL", "message": "   AssertionError: URL 'http://EXAMPLE.com:80/./path/../other/' failed validation unexpectedly: Path decode error during security check: type object 'URLSecurityConfig' has no attribute 'INVALID_PATH_CHARS'\n   assert False is True\n    +  where False = URLInfo(raw='http://EXAMPLE.com:80/./path/../other/', normalized='http://EXAMPLE.com:80/./path/../other/', status='invalid (Path decode error during security check: type object 'URLSecurityConfig' has no attribute 'INVALID_PATH_CHARS')').is_valid\n", "test_name": "test_valid_url_initialization[http://EXAMPLE.com:80/./path/../other/-http://example.com/other/]", "rerun": "0"}, "3": {"status": "FAIL", "message": "   AssertionError: URL 'https://xn--mnchen-3ya.de/path' failed validation unexpectedly: Path decode error during security check: type object 'URLSecurityConfig' has no attribute 'INVALID_PATH_CHARS'\n   assert False is True\n    +  where False = URLInfo(raw='https://xn--mnchen-3ya.de/path', normalized='https://xn--mnchen-3ya.de/path', status='invalid (Path decode error during security check: type object 'URLSecurityConfig' has no attribute 'INVALID_PATH_CHARS')').is_valid\n", "test_name": "test_valid_url_initialization[https://xn--mnchen-3ya.de/path-https://xn--mnchen-3ya.de/path]", "rerun": "0"}, "4": {"status": "FAIL", "message": "   AssertionError: URL 'https://example.com/path/' failed validation unexpectedly: Path decode error during security check: type object 'URLSecurityConfig' has no attribute 'INVALID_PATH_CHARS'\n   assert False is True\n    +  where False = URLInfo(raw='https://example.com/path/', normalized='https://example.com/path/', status='invalid (Path decode error during security check: type object 'URLSecurityConfig' has no attribute 'INVALID_PATH_CHARS')').is_valid\n", "test_name": "test_valid_url_initialization[https://example.com/path/-https://example.com/path/]", "rerun": "0"}, "5": {"status": "FAIL", "message": "   AssertionError: URL 'https://example.com/path' failed validation unexpectedly: Path decode error during security check: type object 'URLSecurityConfig' has no attribute 'INVALID_PATH_CHARS'\n   assert False is True\n    +  where False = URLInfo(raw='https://example.com/path', normalized='https://example.com/path', status='invalid (Path decode error during security check: type object 'URLSecurityConfig' has no attribute 'INVALID_PATH_CHARS')').is_valid\n", "test_name": "test_valid_url_initialization[https://example.com/path-https://example.com/path]", "rerun": "0"}, "6": {"status": "PASS", "message": "", "test_name": "test_invalid_url_initialization[javascript:alert(1)-Disallowed scheme]", "rerun": "0"}, "7": {"status": "PASS", "message": "", "test_name": "test_invalid_url_initialization[file:///path/to/file.txt-Disallowed scheme]", "rerun": "0"}, "8": {"status": "PASS", "message": "", "test_name": "test_invalid_url_initialization[ftp://user:pass@example.com-Disallowed scheme: ftp]", "rerun": "0"}, "9": {"status": "PASS", "message": "", "test_name": "test_invalid_url_initialization[http://<invalid>.com-Invalid label chars in: <invalid>]", "rerun": "0"}, "10": {"status": "PASS", "message": "", "test_name": "test_invalid_url_initialization[http://example.com:99999-ValueError: Port out of range 0-65535]", "rerun": "0"}, "11": {"status": "FAIL", "message": "   AssertionError: Expected error containing 'Directory traversal attempt detected in path' but got 'Path decode error during security check: type object 'URLSecurityConfig' has no attribute 'INVALID_PATH_CHARS'' for URL 'http://example.com/../../etc/passwd'\n   assert 'Directory traversal attempt detected in path' in \"Path decode error during security check: type object 'URLSecurityConfig' has no attribute 'INVALID_PATH_CHARS'\"\n    +  where \"Path decode error during security check: type object 'URLSecurityConfig' has no attribute 'INVALID_PATH_CHARS'\" = URLInfo(raw='http://example.com/../../etc/passwd', normalized='http://example.com/../../etc/passwd', status='invalid (Path decode error during security check: type object 'URLSecurityConfig' has no attribute 'INVALID_PATH_CHARS')').error_message\n", "test_name": "test_invalid_url_initialization[http://example.com/../../etc/passwd-Directory traversal attempt detected in path]", "rerun": "0"}, "12": {"status": "FAIL", "message": "   AssertionError: Expected error containing 'Invalid chars in decoded query' but got 'Path decode error during security check: type object 'URLSecurityConfig' has no attribute 'INVALID_PATH_CHARS'' for URL 'http://example.com/?q=<script>'\n   assert 'Invalid chars in decoded query' in \"Path decode error during security check: type object 'URLSecurityConfig' has no attribute 'INVALID_PATH_CHARS'\"\n    +  where \"Path decode error during security check: type object 'URLSecurityConfig' has no attribute 'INVALID_PATH_CHARS'\" = URLInfo(raw='http://example.com/?q=<script>', normalized='http://example.com/?q=<script>', status='invalid (Path decode error during security check: type object 'URLSecurityConfig' has no attribute 'INVALID_PATH_CHARS')').error_message\n", "test_name": "test_invalid_url_initialization[http://example.com/?q=<script>-Invalid chars in decoded query]", "rerun": "0"}, "13": {"status": "PASS", "message": "", "test_name": "test_invalid_url_initialization[http://192.168.1.1-Private IP not allowed: 192.168.1.1]", "rerun": "0"}, "14": {"status": "PASS", "message": "", "test_name": "test_invalid_url_initialization[http://127.0.0.1-Private IP not allowed: 127.0.0.1]", "rerun": "0"}, "15": {"status": "PASS", "message": "", "test_name": "test_invalid_url_initialization[-URL cannot be None or empty]", "rerun": "0"}, "16": {"status": "PASS", "message": "", "test_name": "test_invalid_url_initialization[None-URL cannot be None or empty]", "rerun": "0"}, "17": {"status": "PASS", "message": "", "test_name": "test_invalid_url_initialization[http://example.com/path%00.txt-Null byte detected in raw URL path or query]", "rerun": "0"}, "18": {"status": "PASS", "message": "", "test_name": "test_invalid_url_initialization[http://example..com-Invalid domain label length or empty label]", "rerun": "0"}, "19": {"status": "PASS", "message": "", "test_name": "test_invalid_url_initialization[http://-example.com-Invalid label chars in: -example]", "rerun": "0"}, "20": {"status": "PASS", "message": "", "test_name": "test_invalid_url_initialization[http://example-.com-Invalid label chars in: example-]", "rerun": "0"}, "21": {"status": "PASS", "message": "", "test_name": "test_invalid_url_initialization[http://example.c-Invalid TLD length]", "rerun": "0"}, "22": {"status": "PASS", "message": "", "test_name": "test_invalid_url_initialization[http://localhost:8080-Disallowed host: localhost]", "rerun": "0"}, "23": {"status": "FAIL", "message": "   AssertionError: Expected error containing 'Private IP not allowed: ::1' but got 'Missing host' for URL 'http://[::1]/test'\n   assert 'Private IP not allowed: ::1' in 'Missing host'\n    +  where 'Missing host' = URLInfo(raw='http://[::1]/test', normalized='http://[::1]/test', status='invalid (Missing host)').error_message\n", "test_name": "test_invalid_url_initialization[http://[::1]/test-Private IP not allowed: ::1]", "rerun": "0"}, "24": {"status": "FAIL", "message": "   AssertionError: assert False is True\n    +  where False = URLInfo(raw='page2.html', normalized='http://example.com/docs/page2.html', status='invalid (Path decode error during security check: type object 'URLSecurityConfig' has no attribute 'INVALID_PATH_CHARS')').is_valid\n", "test_name": "test_relative_url_resolution[page2.html-http://example.com/docs/page1.html-http://example.com/docs/page2.html]", "rerun": "0"}, "25": {"status": "FAIL", "message": "   AssertionError: assert False is True\n    +  where False = URLInfo(raw='../index.html', normalized='http://example.com/index.html', status='invalid (Path decode error during security check: type object 'URLSecurityConfig' has no attribute 'INVALID_PATH_CHARS')').is_valid\n", "test_name": "test_relative_url_resolution[../index.html-http://example.com/docs/page1.html-http://example.com/index.html]", "rerun": "0"}, "26": {"status": "FAIL", "message": "   AssertionError: assert False is True\n    +  where False = URLInfo(raw='/images/logo.png', normalized='http://example.com/images/logo.png', status='invalid (Path decode error during security check: type object 'URLSecurityConfig' has no attribute 'INVALID_PATH_CHARS')').is_valid\n", "test_name": "test_relative_url_resolution[/images/logo.png-http://example.com/docs/page1.html-http://example.com/images/logo.png]", "rerun": "0"}, "27": {"status": "FAIL", "message": "   AssertionError: assert False is True\n    +  where False = URLInfo(raw='//other.com/path', normalized='https://other.com/path', status='invalid (Path decode error during security check: type object 'URLSecurityConfig' has no attribute 'INVALID_PATH_CHARS')').is_valid\n", "test_name": "test_relative_url_resolution[//other.com/path-https://example.com/docs/-https://other.com/path]", "rerun": "0"}, "28": {"status": "FAIL", "message": "   AssertionError: assert False is True\n    +  where False = URLInfo(raw='?query=new', normalized='http://example.com/page?query=new', status='invalid (Path decode error during security check: type object 'URLSecurityConfig' has no attribute 'INVALID_PATH_CHARS')').is_valid\n", "test_name": "test_relative_url_resolution[?query=new-http://example.com/page?a=1-http://example.com/page?query=new]", "rerun": "0"}, "29": {"status": "FAIL", "message": "   AssertionError: assert False is True\n    +  where False = URLInfo(raw='#fragment', normalized='http://example.com/page', status='invalid (Path decode error during security check: type object 'URLSecurityConfig' has no attribute 'INVALID_PATH_CHARS')').is_valid\n", "test_name": "test_relative_url_resolution[#fragment-http://example.com/page-http://example.com/page]", "rerun": "0"}, "30": {"status": "FAIL", "message": "   AssertionError: assert False is True\n    +  where False = URLInfo(raw='path/./../sub/./file', normalized='http://example.com/base/sub/file', status='invalid (Path decode error during security check: type object 'URLSecurityConfig' has no attribute 'INVALID_PATH_CHARS')').is_valid\n", "test_name": "test_relative_url_resolution[path/./../sub/./file-http://example.com/base/-http://example.com/base/sub/file]", "rerun": "0"}, "31": {"status": "FAIL", "message": "   AssertionError: assert False is True\n    +  where False = URLInfo(raw='path/', normalized='http://example.com/path/', status='invalid (Path decode error during security check: type object 'URLSecurityConfig' has no attribute 'INVALID_PATH_CHARS')').is_valid\n", "test_name": "test_relative_url_resolution[path/-http://example.com/base-http://example.com/path/]", "rerun": "0"}, "32": {"status": "FAIL", "message": "   AssertionError: assert False is True\n    +  where False = URLInfo(raw='https://www.example.co.uk:8443/path/to/page?a=1&b=two#section', normalized='https://www.example.co.uk:844...alid (Path decode error during security check: type object 'URLSecurityConfig' has no attribute 'INVALID_PATH_CHARS')').is_valid\n", "test_name": "test_url_properties", "rerun": "0"}, "33": {"status": "PASS", "message": "", "test_name": "test_tldextract_properties[https://www.example.co.uk/path-www-example-co.uk-example.co.uk]", "rerun": "0"}, "34": {"status": "PASS", "message": "", "test_name": "test_tldextract_properties[http://blog.example.com-blog-example-com-example.com]", "rerun": "0"}, "35": {"status": "PASS", "message": "", "test_name": "test_tldextract_properties[https://justadomain.com-None-justadomain-com-justadomain.com]", "rerun": "0"}, "36": {"status": "PASS", "message": "", "test_name": "test_tldextract_properties[http://xn--mnchen-3ya.de-None-xn--mnchen-3ya-de-xn--mnchen-3ya.de]", "rerun": "0"}, "37": {"status": "PASS", "message": "", "test_name": "test_tldextract_properties[http://localhost:8080-None-localhost-None-localhost]", "rerun": "0"}, "38": {"status": "PASS", "message": "", "test_name": "test_tldextract_properties[http://[::1]-None-::1-None-::1]", "rerun": "0"}, "39": {"status": "PASS", "message": "", "test_name": "test_tldextract_properties[http://10.0.0.1-None-10.0.0.1-None-10.0.0.1]", "rerun": "0"}, "40": {"status": "PASS", "message": "", "test_name": "test_tldextract_fallback", "rerun": "0"}, "41": {"status": "FAIL", "message": "   AssertionError: assert <URLType.UNKNOWN: 3> == <URLType.INTERNAL: 1>\n    +  where <URLType.UNKNOWN: 3> = URLInfo(raw='https://example.com/path', normalized='https://example.com/path', status='invalid (Path decode error during security check: type object 'URLSecurityConfig' has no attribute 'INVALID_PATH_CHARS')').url_type\n", "test_name": "test_url_type_determination[https://example.com/path-https://example.com/base-URLType.INTERNAL]", "rerun": "0"}, "42": {"status": "FAIL", "message": "   AssertionError: assert <URLType.UNKNOWN: 3> == <URLType.INTERNAL: 1>\n    +  where <URLType.UNKNOWN: 3> = URLInfo(raw='/relative/path', normalized='https://example.com/relative/path', status='invalid (Path decode error during security check: type object 'URLSecurityConfig' has no attribute 'INVALID_PATH_CHARS')').url_type\n", "test_name": "test_url_type_determination[/relative/path-https://example.com/base-URLType.INTERNAL]", "rerun": "0"}, "43": {"status": "FAIL", "message": "   AssertionError: assert <URLType.UNKNOWN: 3> == <URLType.INTERNAL: 1>\n    +  where <URLType.UNKNOWN: 3> = URLInfo(raw='https://www.example.com/path', normalized='https://www.example.com/path', status='invalid (Path decode error during security check: type object 'URLSecurityConfig' has no attribute 'INVALID_PATH_CHARS')').url_type\n", "test_name": "test_url_type_determination[https://www.example.com/path-https://example.com/base-URLType.INTERNAL]", "rerun": "0"}, "44": {"status": "FAIL", "message": "   AssertionError: assert <URLType.UNKNOWN: 3> == <URLType.EXTERNAL: 2>\n    +  where <URLType.UNKNOWN: 3> = URLInfo(raw='http://example.com/path', normalized='http://example.com/path', status='invalid (Path decode error during security check: type object 'URLSecurityConfig' has no attribute 'INVALID_PATH_CHARS')').url_type\n", "test_name": "test_url_type_determination[http://example.com/path-https://example.com/base-URLType.EXTERNAL]", "rerun": "0"}, "45": {"status": "FAIL", "message": "   AssertionError: assert <URLType.UNKNOWN: 3> == <URLType.EXTERNAL: 2>\n    +  where <URLType.UNKNOWN: 3> = URLInfo(raw='https://other.com/path', normalized='https://other.com/path', status='invalid (Path decode error during security check: type object 'URLSecurityConfig' has no attribute 'INVALID_PATH_CHARS')').url_type\n", "test_name": "test_url_type_determination[https://other.com/path-https://example.com/base-URLType.EXTERNAL]", "rerun": "0"}, "46": {"status": "FAIL", "message": "   AssertionError: assert <URLType.UNKNOWN: 3> == <URLType.INTERNAL: 1>\n    +  where <URLType.UNKNOWN: 3> = URLInfo(raw='page.html', normalized='https://example.com/base/page.html', status='invalid (Path decode error during security check: type object 'URLSecurityConfig' has no attribute 'INVALID_PATH_CHARS')').url_type\n", "test_name": "test_url_type_determination[page.html-https://example.com/base/-URLType.INTERNAL]", "rerun": "0"}, "47": {"status": "FAIL", "message": "   AssertionError: assert <URLType.UNKNOWN: 3> == <URLType.INTERNAL: 1>\n    +  where <URLType.UNKNOWN: 3> = URLInfo(raw='https://example.com:443/path', normalized='https://example.com:443/path', status='invalid (Path decode error during security check: type object 'URLSecurityConfig' has no attribute 'INVALID_PATH_CHARS')').url_type\n", "test_name": "test_url_type_determination[https://example.com:443/path-https://example.com/base-URLType.INTERNAL]", "rerun": "0"}, "48": {"status": "FAIL", "message": "   AssertionError: assert <URLType.UNKNOWN: 3> == <URLType.INTERNAL: 1>\n    +  where <URLType.UNKNOWN: 3> = URLInfo(raw='https://example.com:8443/path', normalized='https://example.com:8443/path', status='invalid (Path decode error during security check: type object 'URLSecurityConfig' has no attribute 'INVALID_PATH_CHARS')').url_type\n", "test_name": "test_url_type_determination[https://example.com:8443/path-https://example.com/base-URLType.INTERNAL]", "rerun": "0"}, "49": {"status": "FAIL", "message": "   AssertionError: assert False\n    +  where False = URLInfo(raw='http://example.com/path/', normalized='http://example.com/path/', status='invalid (Path decode error during security check: type object 'URLSecurityConfig' has no attribute 'INVALID_PATH_CHARS')').is_valid\n", "test_name": "test_url_equality_and_hash", "rerun": "0"}, "50": {"status": "FAIL", "message": "       Failed: Assertion failed: info.is_valid is False (type: <class 'bool'>) for URL 'https://example.com/'. Error: Path decode error during security check: type object 'URLSecurityConfig' has no attribute 'INVALID_PATH_CHARS'\n", "test_name": "test_immutability", "rerun": "0"}, "51": {"status": "FAIL", "message": "   AssertionError: assert False\n    +  where False = URLInfo(raw='https://example.com/path?a=1#section', normalized='https://example.com/path?a=1', status='invalid (Path decode error during security check: type object 'URLSecurityConfig' has no attribute 'INVALID_PATH_CHARS')').is_valid\n", "test_name": "test_fragment_removal", "rerun": "0"}, "52": {"status": "FAIL", "message": "   AssertionError: assert False\n    +  where False = URLInfo(raw='http://example.com/aaaaaaaaaaaaaaaaaaaaaaaaaaaaaaaaaaaaaaaaaaaaaaaaaaaaaaaaaaaaaaaaaaaaaaaaaaaaaaaaaaaaaa...alid (Path decode error during security check: type object 'URLSecurityConfig' has no attribute 'INVALID_PATH_CHARS')').is_valid\n", "test_name": "test_long_url_edge_case", "rerun": "0"}, "53": {"status": "FAIL", "message": "       AssertionError: assert False\n        +  where False = URLInfo(raw='http://example0.com/path/to/page?param=0', normalized='http://example0.com/path/to/page?param=0', status=...alid (Path decode error during security check: type object 'URLSecurityConfig' has no attribute 'INVALID_PATH_CHARS')').is_valid\n", "test_name": "test_url_info_performance", "rerun": "0"}}, "suite_name": "tests/url/test_info.py"}, "1": {"suite_name": "tests/url/test_normalization.py", "tests": {"0": {"status": "PASS", "message": "", "test_name": "test_normalize_hostname", "rerun": "0"}, "1": {"status": "PASS", "message": "", "test_name": "test_is_default_port", "rerun": "0"}, "2": {"status": "PASS", "message": "", "test_name": "test_normalize_path", "rerun": "0"}, "3": {"status": "PASS", "message": "", "test_name": "test_normalize_url", "rerun": "0"}}, "status": {"total_pass": 4, "total_skip": 0, "total_xpass": 0, "total_xfail": 0, "total_rerun": 0, "total_fail": 0, "total_error": 0}}, "2": {"suite_name": "tests/url/test_security.py", "tests": {"0": {"status": "FAIL", "message": "   AssertionError: assert 'ftp' not in {'ftp': 21, 'http': 80, 'https': 443}\n    +  where {'ftp': 21, 'http': 80, 'https': 443} = URLSecurityConfig.DEFAULT_PORTS\n", "test_name": "test_security_config_constants", "rerun": "0"}, "1": {"status": "PASS", "message": "", "test_name": "test_security_regex_patterns", "rerun": "0"}}, "status": {"total_pass": 1, "total_skip": 0, "total_xpass": 0, "total_xfail": 0, "total_rerun": 0, "total_fail": 1, "total_error": 0}}, "3": {"suite_name": "tests/url/test_types.py", "tests": {"0": {"status": "PASS", "message": "", "test_name": "test_url_type_enum", "rerun": "0"}}, "status": {"total_pass": 1, "total_skip": 0, "total_xpass": 0, "total_xfail": 0, "total_rerun": 0, "total_fail": 0, "total_error": 0}}, "4": {"suite_name": "tests/url/test_validation.py", "tests": {"0": {"status": "FAIL", "message": "   AssertionError: assert 'Invalid scheme' in 'Disallowed scheme: javascript'\n", "test_name": "test_validate_scheme", "rerun": "0"}, "1": {"status": "PASS", "message": "", "test_name": "test_validate_netloc", "rerun": "0"}, "2": {"status": "PASS", "message": "", "test_name": "test_validate_port", "rerun": "0"}, "3": {"status": "PASS", "message": "", "test_name": "test_validate_path", "rerun": "0"}, "4": {"status": "PASS", "message": "", "test_name": "test_validate_query", "rerun": "0"}, "5": {"status": "FAIL", "message": "   assert False\n", "test_name": "test_validate_security_patterns", "rerun": "0"}, "6": {"status": "FAIL", "message": "   assert False\n", "test_name": "test_validate_url", "rerun": "0"}}, "status": {"total_pass": 4, "total_skip": 0, "total_xpass": 0, "total_xfail": 0, "total_rerun": 0, "total_fail": 3, "total_error": 0}}}}, "date": "May 01, 2025", "start_time": 1746049813.068538, "total_suite": 5, "status": "FAIL", "status_list": {"pass": "33", "fail": "35", "skip": "0", "error": "0", "xpass": "0", "xfail": "0", "rerun": "0"}, "total_tests": "68"}